<?xml version="1.0" encoding="UTF-8"?>
<testng-results ignored="0" total="1" passed="1" failed="0" skipped="0">
  <reporter-output>
  </reporter-output>
  <suite started-at="2023-12-17T21:32:05 IST" name="Default suite" finished-at="2023-12-17T21:32:05 IST" duration-ms="186">
    <groups>
    </groups>
    <test started-at="2023-12-17T21:32:05 IST" name="Default test" finished-at="2023-12-17T21:32:05 IST" duration-ms="186">
      <class name="tests.Test2">
        <test-method signature="test2()[pri:0, instance:tests.Test2@4c1f22f3]" started-at="2023-12-17T21:32:05 IST" name="test2" finished-at="2023-12-17T21:32:05 IST" duration-ms="71" status="PASS">
          <reporter-output>
          </reporter-output>
        </test-method> <!-- test2 -->
      </class> <!-- tests.Test2 -->
    </test> <!-- Default test -->
  </suite> <!-- Default suite -->
</testng-results>
